
SQL*Plus: Release 10.2.0.2.0 - Production on 月 3月 24 16:23:51 2014

Copyright (c) 1982, 2005, Oracle.  All Rights Reserved.



Oracle Database 10g Enterprise Edition Release 10.2.0.1.0 - Production
With the Partitioning, OLAP and Data Mining options
に接続されました。
SQL> 
表が削除されました。

SQL> 
コミットが完了しました。

SQL> 
リサイクルビンがパージされました。

SQL> Oracle Database 10g Enterprise Edition Release 10.2.0.1.0 - Production
With the Partitioning, OLAP and Data Mining optionsとの接続が切断されました。

SQL*Plus: Release 10.2.0.2.0 - Production on 月 3月 24 16:23:51 2014

Copyright (c) 1982, 2005, Oracle.  All Rights Reserved.



Oracle Database 10g Enterprise Edition Release 10.2.0.1.0 - Production
With the Partitioning, OLAP and Data Mining options
に接続されました。
SQL> SQL> SQL> SQL> SQL> SQL> SQL> SQL> SQL> 
FS_TB002_MODULE_ELIB					    :SVR_GRP_ID 						 :VARCHAR2	      : 	255:Y :1
FS_TB002_MODULE_ELIB					    :HONGW_DSTSK_PATH						 :VARCHAR2	      : 	255:Y :2
FS_TB002_MODULE_ELIB					    :KNRBKKN_FILE_ID						 :VARCHAR2	      : 	255:Y :3
FS_TB002_MODULE_ELIB					    :KNRBKKN_TIMESTAMP						 :VARCHAR2	      : 	 14:Y :4
FS_TB002_MODULE_ELIB					    :KNRBKKN_SIZE						 :VARCHAR2	      : 	 10:Y :0
FS_TB002_MODULE_ELIB					    :HON_REP_LIBTHM_ID						 :VARCHAR2	      : 	100:Y :0
SQL> Oracle Database 10g Enterprise Edition Release 10.2.0.1.0 - Production
With the Partitioning, OLAP and Data Mining optionsとの接続が切断されました。

SQL*Plus: Release 10.2.0.2.0 - Production on 月 3月 24 16:23:51 2014

Copyright (c) 1982, 2005, Oracle.  All Rights Reserved.



Oracle Database 10g Enterprise Edition Release 10.2.0.1.0 - Production
With the Partitioning, OLAP and Data Mining options
に接続されました。
SQL> SQL> SQL> 
表が作成されました。

SQL> 
コミットが完了しました。

SQL> Oracle Database 10g Enterprise Edition Release 10.2.0.1.0 - Production
With the Partitioning, OLAP and Data Mining optionsとの接続が切断されました。

SQL*Plus: Release 10.2.0.2.0 - Production on 月 3月 24 16:23:52 2014

Copyright (c) 1982, 2005, Oracle.  All Rights Reserved.



Oracle Database 10g Enterprise Edition Release 10.2.0.1.0 - Production
With the Partitioning, OLAP and Data Mining options
に接続されました。
SQL> SQL> SQL> 
0行が削除されました。

SQL> 
コミットが完了しました。

SQL> Oracle Database 10g Enterprise Edition Release 10.2.0.1.0 - Production
With the Partitioning, OLAP and Data Mining optionsとの接続が切断されました。

SQL*Plus: Release 10.2.0.2.0 - Production on 月 3月 24 16:23:52 2014

Copyright (c) 1982, 2005, Oracle.  All Rights Reserved.



Oracle Database 10g Enterprise Edition Release 10.2.0.1.0 - Production
With the Partitioning, OLAP and Data Mining options
に接続されました。
SQL> SQL> SQL> 
1行が更新されました。

SQL> 
コミットが完了しました。

SQL> Oracle Database 10g Enterprise Edition Release 10.2.0.1.0 - Production
With the Partitioning, OLAP and Data Mining optionsとの接続が切断されました。
