MASK,KAIYA,TKPFZK01
MASK,KAIYA,TKCMCD00
MASK,KAIYA,TKCMCP00
MASK,KAIYA,TKMXCH15
MASK,KAIYA,TKMXCH21
MASK,KAIYA,TKMXCH22
MASK,KAIYA,TKMXCH23
MASK,KAIYA,TKMXCH31
MASK,KAIYA,TKMXCHA1
MASK,KAIYA,TKMXCHA2
MASK,KAIYA,TKMXCHA3
MASK,KAIYA,TKMXCHA4
MASK,KAIYA,TKMXCHA5
MASK,KAIYA,TKMXWK02
MASK,KAIYA,TKMXWK03
MASK,KAIYA,TKSSTR01
MASK,KYOTU,TKCMCD00
MASK,KYOTU,TOC0SE16
MASK,KYOTU,TOC0SE30
MASK,KYOTU,TOC0SE31
BIG,KAIYA,TKUSMS01
BIG,KAIYA,TKUSSK01
BIG,KAIYA,TKUSTH01
BIG,KAIYA,TKUSZT01
#ORACLE,DB,KMN_EXP_TEST/KMN_EXP_TEST@IPAS01
ORACLE,DB,/@TSTARRX1

