TABLES=(
TOSFDK55_2001
,TOSFDK56_2001
,TOSFDK57_2001
,TOSFDK58_2001
,TOSFDK59_2001
,TOSFDK60_2001
,TOSFDK61_2001
,TOSFDK62_2001
,TOSFDK63_2001
,TOSFDK75_2001
,TOSFDK80_2001
,TOSFDK81_2001
,TOSFDK82_2001
,TOSFDK83_2001
,TOSFDK84_2001
,TOSFDK85_2001
,TOSFDK90_2001
,TOSFFA01_2001
,TOSFFA02_2001
,TOSFFA03_2001
,TOSFFA04_2001
,TOSFFA05_2001
,TOSFFA06_2001
,TOSFFA07_2001
,TOSFFA09_2001
,TOSFFA10_2001
,TOSFFA11_2001
,TOSFFA12_2001
,TOSFFA13_2001
,TOSFFA14_2001
,TOSFFA15_2001
,TOSFFA16_2001
,TOSFFA17_2001
,TOSFMF01_2001
,TOSFMF02_2001
,TOSFMF03_2001
,TOSFMF04_2001
,TOSFMF05_2001
,TOSFMF06_2001
,TOSFMF07_2001
,TOSFMF08_2001
,TOSFMF09_2001
,TOSFMF11_2001
,TOSFMF12_2001
,TOSFMF13_2001
,TOSFMF14_2001
,TOSFMF15_2001
,TOSFMF16_2001
,TOSFMF17_2001
,TOSFMF18_2001
,TOSFMF19_2001
,TOSFMF20_2001
,TOSFMF21_2001
,TOSFMF22_2001
,TOSFMF23_2001
,TOSFMF24_2001
,TOSFMF25_2001
,TOSFMF26_2001
,TOSFQI01_2001
,TOSFQI02_2001
,TOSFQI03_2001
,TOSFQI04_2001
,TOSFQI06_2001
,TOSFQI10_2001
,TOSFSP03_2001
,TOSFSP04_2001
,TOSFSP05_2001
,TOSFSP06_2001
,TOSFSP07_2001
,TOSFYU20_2001
,TOSFYU21_2001
,TOSFYU22_2001
,TOSFYU23_2001
,TOSFYU28_2001
,TOSFYU29_2001
,TOSFYU30_2001
,TOSFYU31_2001
,TOSFYU34_2001
,TOSFYU35_2001
,TOSFYU36_2001
,TOSFYU37_2001
,TOSFYU38_2001
,TOSFYU39_2001
,TOSFYU40_2001
,TOSFYU52_2001
,TOSFYU53_2001
,TOSFYU54_2001
,TOSFYZ10_2001
,TOSFYZ20_2001
,TOSFYZ21_2001
,TOSFYZ22_2001
,TOSFYZ23_2001
,TOSFYZ28_2001
,TOSFYZ29_2001
,TOSFYZ30_2001
,TOSFYZ31_2001
,TOSFYZ34_2001
,TOSFYZ35_2001
,TOSFYZ36_2001
,TOSFYZ37_2001
,TOSFYZ38_2001
,TOSFYZ39_2001
,TOSFYZ40_2001
,TOSFYZ41_2001
,TOSFYZ50_2001
,TOSFYZ51_2001
,TOSFYZ52_2001
,TOSFYZ53_2001
,TOSFYZ54_2001
,TOSFYZ55_2001
,TOSFYZ56_2001
,TOSIBS01_2001
,TOSIBS02_2001
,TOSIBS03_2001
,TOSIBS04_2001
,TOSIBS05_2001
,TOSIBS06_2001
,TOSIBS07_2001
,TOSIBS08_2001
,TOSIBS09_2001
,TOSIBS11_2001
,TOSIBS12_2001
,TOSIBS13_2001
,TOSIBS14_2001
,TOSIDK11_2001
,TOSIDK13_2001
,TOSIDK20_2001
,TOSIDK21_2001
,TOSIDK22_2001
,TOSIDK23_2001
,TOSIDK24_2001
,TOSIDK26_2001
,TOSIDK27_2001
,TOSIDK28_2001
,TOSIDK29_2001
,TOSIDK31_2001
,TOSIDK32_2001
,TOSIDK34_2001
,TOSIDK37_2001
,TOSIDK41_2001
,TOSIDK43_2001
,TOSIDK45_2001
,TOSIDK47_2001
,TOSIDK49_2001
,TOSIDK50_2001
,TOSIDK52_2001
,TOSIDK53_2001
,TOSIDK54_2001
,TOSIDK60_2001
,TOSIDK61_2001
,TOSIDK62_2001
,TOSIDK71_2001
,TOSIDK72_2001
,TOSIDK73_2001
,TOSIDK75_2001
,TOSIDK76_2001
,TOSIDK80_2001
,TOSIDK81_2001
,TOSIDK82_2001
,TOSIDK83_2001
,TOSIDK84_2001
,TOSIDK91_2001
,TOSIDK94_2001
,TOSIDK96_2001
,TOSIDK99_2001
,TOSIFA01_2001
,TOSIFA02_2001
,TOSIFA03_2001
,TOSIFA04_2001
,TOSIFA05_2001
,TOSIMF01_2001
,TOSIMF02_2001
,TOSIMF04_2001
,TOSINV50_2001
,TOSINV60_2001
,TOSINV70_2001
,TOSINV80_2001
,TOSINV90_2001
,TOSIQI01_2001
,TOSIYU11_2001
,TOSIYU13_2001
,TOSIYU20_2001
,TOSIYU21_2001
,TOSIYU31_2001
,TOSIYU32_2001
,TOSIYU34_2001
,TOSIYU37_2001
,TOSIYU41_2001
,TOSIYU43_2001
,TOSIYU45_2001
,TOSIYU47_2001
,TOSIYU49_2001
,TOSIYU64_2001
,TOSIYU66_2001
,TOSIYU67_2001
,TOSIYU68_2001
,TOSIYU69_2001
,TOSIYZ11_2001
,TOSIYZ20_2001
,TOSIYZ21_2001
)
