
SQL*Loader: Release 10.2.0.2.0 - Production on 月 3月 24 16:27:20 2014

Copyright (c) 1982, 2005, Oracle.  All rights reserved.

制御ファイル:    /home/apl/test_gut/tmp/TX/B21SMA204_NEW_FS_TB003_MODULE_TX_SQLLDR.ctl
データファイル/home/apl/test_gut/tmp/TX/B21SMA204_NEW_FS_TB003_MODULE_TX_SQLLDR.dat
  不良ファイル:  /home/apl/test_gut/tmp/TX/B21SMA204_NEW_FS_TB003_MODULE_TX_SQLLDR.bad
  廃棄ファイル:  指定なし

 (すべて廃棄できます)

ロード数: ALL
スキップ数: 0
許容エラー数: 50
バインド配列:    64行、最大256000バイト
継続文字:    指定なし
使用パス:      従来型

表FS_TB003_MODULE_TX、 ロード済 すべての論理レコードから
この表に対する有効な挿入オプション: TRUNCATE

   Column Name                  Position   Len  Term Encl Datatype
------------------------------ ---------- ----- ---- ---- ---------------------
SVR_GRP_ID                         FIRST    *  , O(")CHARACTER            
SVR_ID                              NEXT    *  , O(")CHARACTER            
HONGW_DSTSK_PATH                    NEXT    *  , O(")CHARACTER            
KNRBKKN_FILE_ID                     NEXT    *  , O(")CHARACTER            
KNRBKKN_TIMESTAMP                   NEXT    *  , O(")CHARACTER            
KNRBKKN_SIZE                        NEXT    *  , O(")CHARACTER            
CHECK_SUM                           NEXT    *  , O(")CHARACTER            


表FS_TB003_MODULE_TX:
  3行のロードに成功しました。
  0行はデータ・エラーのためロードされませんでした。
  0行はWHEN句のエラーのためロードされませんでした。
  0行はすべてのフィールドがNULLのためロードされませんでした。

バインド配列に割り当てられた領域:   115584バイト(64行)
読取りバッファのバイト数:  1048576

スキップされた論理レコードの合計:           0
読み込まれた論理レコードの合計:             3
拒否された論理レコードの合計:               0
廃棄された論理レコードの合計:        0

実行開始月 3月  24 16:27:20 2014
実行終了月 3月  24 16:27:20 2014

実行時間:        00: 00: 00.05
CPU時間 :        00: 00: 00.00
